[    0.000000] Linux version 4.15.0-64-generic (buildd@lgw01-amd64-038) (gcc version 7.4.0 (Ubuntu 7.4.0-1ubuntu1~18.04.1)) #73-Ubuntu SMP Thu Sep 12 13:16:13 UTC 2019 (Ubuntu 4.15.0-64.73-generic 4.15.18)
[    0.000000] Command line: BOOT_IMAGE=/boot/vmlinuz-4.15.0-64-generic root=LABEL=cloudimg-rootfs ro console=tty1 console=ttyS0
[    0.000000] KERNEL supported cpus:
[    0.000000]   Intel GenuineIntel
[    0.000000]   AMD AuthenticAMD
[    0.000000]   Centaur CentaurHauls
[    0.000000] x86/fpu: Supporting XSAVE feature 0x001: 'x87 floating point registers'
[    0.000000] x86/fpu: Supporting XSAVE feature 0x002: 'SSE registers'
[    0.000000] x86/fpu: Supporting XSAVE feature 0x004: 'AVX registers'
[    0.000000] x86/fpu: xstate_offset[2]:  576, xstate_sizes[2]:  256
[    0.000000] x86/fpu: Enabled xstate features 0x7, context size is 832 bytes, using 'standard' format.
[    0.000000] e820: BIOS-provided physical RAM map:
[    0.000000] BIOS-e820: [mem 0x0000000000000000-0x000000000009fbff] usable
[    0.000000] BIOS-e820: [mem 0x000000000009fc00-0x000000000009ffff] reserved
[    0.000000] BIOS-e820: [mem 0x00000000000f0000-0x00000000000fffff] reserved
[    0.000000] BIOS-e820: [mem 0x0000000000100000-0x000000003ffeffff] usable
[    0.000000] BIOS-e820: [mem 0x000000003fff0000-0x000000003fffffff] ACPI data
[    0.000000] BIOS-e820: [mem 0x00000000fec00000-0x00000000fec00fff] reserved
[    0.000000] BIOS-e820: [mem 0x00000000fee00000-0x00000000fee00fff] reserved
[    0.000000] BIOS-e820: [mem 0x00000000fffc0000-0x00000000ffffffff] reserved
[    0.000000] NX (Execute Disable) protection: active
[    0.000000] SMBIOS 2.5 present.
[    0.000000] DMI: innotek GmbH VirtualBox/VirtualBox, BIOS VirtualBox 12/01/2006
[    0.000000] Hypervisor detected: KVM
[    0.000000] e820: last_pfn = 0x3fff0 max_arch_pfn = 0x400000000
[    0.000000] MTRR: Disabled
[    0.000000] x86/PAT: MTRRs disabled, skipping PAT initialization too.
[    0.000000] CPU MTRRs all blank - virtualized system.
[    0.000000] x86/PAT: Configuration [0-7]: WB  WT  UC- UC  WB  WT  UC- UC  
[    0.000000] found SMP MP-table at [mem 0x0009fff0-0x0009ffff]
[    0.000000] Scanning 1 areas for low memory corruption
[    0.000000] RAMDISK: [mem 0x35a89000-0x36d3bfff]
[    0.000000] ACPI: Early table checksum verification disabled
[    0.000000] ACPI: RSDP 0x00000000000E0000 000024 (v02 VBOX  )
[    0.000000] ACPI: XSDT 0x000000003FFF0030 00003C (v01 VBOX   VBOXXSDT 00000001 ASL  00000061)
[    0.000000] ACPI: FACP 0x000000003FFF00F0 0000F4 (v04 VBOX   VBOXFACP 00000001 ASL  00000061)
[    0.000000] ACPI: DSDT 0x000000003FFF0470 0022EA (v02 VBOX   VBOXBIOS 00000002 INTL 20100528)
[    0.000000] ACPI: FACS 0x000000003FFF0200 000040
[    0.000000] ACPI: FACS 0x000000003FFF0200 000040
[    0.000000] ACPI: APIC 0x000000003FFF0240 00005C (v02 VBOX   VBOXAPIC 00000001 ASL  00000061)
[    0.000000] ACPI: SSDT 0x000000003FFF02A0 0001CC (v01 VBOX   VBOXCPUT 00000002 INTL 20100528)
[    0.000000] No NUMA configuration found
[    0.000000] Faking a node at [mem 0x0000000000000000-0x000000003ffeffff]
[    0.000000] NODE_DATA(0) allocated [mem 0x3ffc5000-0x3ffeffff]
[    0.000000] kvm-clock: cpu 0, msr 0:3ff44001, primary cpu clock
[    0.000000] kvm-clock: Using msrs 4b564d01 and 4b564d00
[    0.000000] kvm-clock: using sched offset of 5221398565 cycles
[    0.000000] clocksource: kvm-clock: mask: 0xffffffffffffffff max_cycles: 0x1cd42e4dffb, max_idle_ns: 881590591483 ns
[    0.000000] Zone ranges:
[    0.000000]   DMA      [mem 0x0000000000001000-0x0000000000ffffff]
[    0.000000]   DMA32    [mem 0x0000000001000000-0x000000003ffeffff]
[    0.000000]   Normal   empty
[    0.000000]   Device   empty
[    0.000000] Movable zone start for each node
[    0.000000] Early memory node ranges
[    0.000000]   node   0: [mem 0x0000000000001000-0x000000000009efff]
[    0.000000]   node   0: [mem 0x0000000000100000-0x000000003ffeffff]
[    0.000000] Reserved but unavailable: 98 pages
[    0.000000] Initmem setup node 0 [mem 0x0000000000001000-0x000000003ffeffff]
[    0.000000] ACPI: PM-Timer IO Port: 0x4008
[    0.000000] IOAPIC[0]: apic_id 2, version 32, address 0xfec00000, GSI 0-23
[    0.000000] ACPI: INT_SRC_OVR (bus 0 bus_irq 0 global_irq 2 dfl dfl)
[    0.000000] ACPI: INT_SRC_OVR (bus 0 bus_irq 9 global_irq 9 low level)
[    0.000000] Using ACPI (MADT) for SMP configuration information
[    0.000000] smpboot: Allowing 2 CPUs, 0 hotplug CPUs
[    0.000000] PM: Registered nosave memory: [mem 0x00000000-0x00000fff]
[    0.000000] PM: Registered nosave memory: [mem 0x0009f000-0x0009ffff]
[    0.000000] PM: Registered nosave memory: [mem 0x000a0000-0x000effff]
[    0.000000] PM: Registered nosave memory: [mem 0x000f0000-0x000fffff]
[    0.000000] e820: [mem 0x40000000-0xfebfffff] available for PCI devices
[    0.000000] Booting paravirtualized kernel on KVM
[    0.000000] clocksource: refined-jiffies: mask: 0xffffffff max_cycles: 0xffffffff, max_idle_ns: 7645519600211568 ns
[    0.000000] random: get_random_bytes called from start_kernel+0x99/0x4fd with crng_init=0
[    0.000000] setup_percpu: NR_CPUS:8192 nr_cpumask_bits:2 nr_cpu_ids:2 nr_node_ids:1
[    0.000000] percpu: Embedded 46 pages/cpu s151552 r8192 d28672 u1048576
[    0.000000] PV qspinlock hash table entries: 256 (order: 0, 4096 bytes)
[    0.000000] Built 1 zonelists, mobility grouping on.  Total pages: 257913
[    0.000000] Policy zone: DMA32
[    0.000000] Kernel command line: BOOT_IMAGE=/boot/vmlinuz-4.15.0-64-generic root=LABEL=cloudimg-rootfs ro console=tty1 console=ttyS0
[    0.000000] Memory: 983436K/1048120K available (12300K kernel code, 2481K rwdata, 4172K rodata, 2436K init, 2384K bss, 64684K reserved, 0K cma-reserved)
[    0.000000] SLUB: HWalign=64, Order=0-3, MinObjects=0, CPUs=2, Nodes=1
[    0.000000] Kernel/User page tables isolation: enabled
[    0.000000] ftrace: allocating 39306 entries in 154 pages
[    0.004000] Hierarchical RCU implementation.
[    0.004000] 	RCU restricting CPUs from NR_CPUS=8192 to nr_cpu_ids=2.
[    0.004000] 	Tasks RCU enabled.
[    0.004000] RCU: Adjusting geometry for rcu_fanout_leaf=16, nr_cpu_ids=2
[    0.004000] NR_IRQS: 524544, nr_irqs: 440, preallocated irqs: 16
[    0.004000] Console: colour VGA+ 80x25
[    0.004000] console [tty1] enabled
[    0.004000] console [ttyS0] enabled
[    0.004000] ACPI: Core revision 20170831
[    0.004000] ACPI: 2 ACPI AML tables successfully acquired and loaded
[    0.004000] APIC: Switch to symmetric I/O mode setup
[    0.004000] x2apic enabled
[    0.004000] Switched APIC routing to physical x2apic.
[    0.006860] ..TIMER: vector=0x30 apic1=0 pin1=2 apic2=-1 pin2=-1
[    0.008008] tsc: Detected 1696.077 MHz processor
[    0.009627] Calibrating delay loop (skipped) preset value.. 3392.15 BogoMIPS (lpj=6784308)
[    0.012008] pid_max: default: 32768 minimum: 301
[    0.013944] Security Framework initialized
[    0.016009] Yama: becoming mindful.
[    0.017325] AppArmor: AppArmor initialized
[    0.021815] Dentry cache hash table entries: 131072 (order: 8, 1048576 bytes)
[    0.024143] Inode-cache hash table entries: 65536 (order: 7, 524288 bytes)
[    0.028034] Mount-cache hash table entries: 2048 (order: 2, 16384 bytes)
[    0.030273] Mountpoint-cache hash table entries: 2048 (order: 2, 16384 bytes)
[    0.032378] Last level iTLB entries: 4KB 1024, 2MB 1024, 4MB 1024
[    0.034425] Last level dTLB entries: 4KB 1024, 2MB 1024, 4MB 1024, 1GB 4
[    0.036008] Spectre V1 : Mitigation: usercopy/swapgs barriers and __user pointer sanitization
[    0.040008] Spectre V2 : Mitigation: Full generic retpoline
[    0.041899] Spectre V2 : Spectre v2 / SpectreRSB mitigation: Filling RSB on context switch
[    0.044006] Speculative Store Bypass: Vulnerable
[    0.045733] MDS: Vulnerable: Clear CPU buffers attempted, no microcode
[    0.048292] Freeing SMP alternatives memory: 36K
[    0.056000] smpboot: CPU0: Intel(R) Core(TM) i3-4005U CPU @ 1.70GHz (family: 0x6, model: 0x45, stepping: 0x1)
[    0.056000] Performance Events: unsupported p6 CPU model 69 no PMU driver, software events only.
[    0.056107] Hierarchical SRCU implementation.
[    0.061080] NMI watchdog: Perf event create on CPU 0 failed with -2
[    0.063194] NMI watchdog: Perf NMI watchdog permanently disabled
[    0.064153] smp: Bringing up secondary CPUs ...
[    0.065919] x86: Booting SMP configuration:
[    0.068010] .... node  #0, CPUs:      #1
[    0.004000] kvm-clock: cpu 1, msr 0:3ff44041, secondary cpu clock
[    0.076080] smp: Brought up 1 node, 2 CPUs
[    0.077508] smpboot: Max logical packages: 1
[    0.079019] smpboot: Total of 2 processors activated (6784.30 BogoMIPS)
[    0.080313] devtmpfs: initialized
[    0.081120] x86/mm: Memory block size: 128MB
[    0.084187] evm: security.selinux
[    0.085368] evm: security.SMACK64
[    0.086542] evm: security.SMACK64EXEC
[    0.088007] evm: security.SMACK64TRANSMUTE
[    0.089220] evm: security.SMACK64MMAP
[    0.090593] evm: security.apparmor
[    0.092006] evm: security.ima
[    0.093175] evm: security.capability
[    0.094583] clocksource: jiffies: mask: 0xffffffff max_cycles: 0xffffffff, max_idle_ns: 7645041785100000 ns
[    0.096041] futex hash table entries: 512 (order: 3, 32768 bytes)
[    0.101678] pinctrl core: initialized pinctrl subsystem
[    0.104285] RTC time:  3:23:10, date: 12/12/19
[    0.106204] NET: Registered protocol family 16
[    0.107843] audit: initializing netlink subsys (disabled)
[    0.108091] audit: type=2000 audit(1576120996.820:1): state=initialized audit_enabled=0 res=1
[    0.112031] cpuidle: using governor ladder
[    0.113527] cpuidle: using governor menu
[    0.115048] ACPI: bus type PCI registered
[    0.116009] acpiphp: ACPI Hot Plug PCI Controller Driver version: 0.5
[    0.117771] PCI: Using configuration type 1 for base access
[    0.121705] HugeTLB registered 2.00 MiB page size, pre-allocated 0 pages
[    0.124190] ACPI: Added _OSI(Module Device)
[    0.125655] ACPI: Added _OSI(Processor Device)
[    0.127178] ACPI: Added _OSI(3.0 _SCP Extensions)
[    0.128010] ACPI: Added _OSI(Processor Aggregator Device)
[    0.129814] ACPI: Added _OSI(Linux-Dell-Video)
[    0.132006] ACPI: Added _OSI(Linux-Lenovo-NV-HDMI-Audio)
[    0.133811] ACPI: Added _OSI(Linux-HPI-Hybrid-Graphics)
[    0.136426] ACPI: Executed 1 blocks of module-level executable AML code
[    0.144363] ACPI: Interpreter enabled
[    0.145509] ACPI: (supports S0 S5)
[    0.146566] ACPI: Using IOAPIC for interrupt routing
[    0.148390] PCI: Using host bridge windows from ACPI; if necessary, use "pci=nocrs" and report a bug
[    0.151233] ACPI: Enabled 2 GPEs in block 00 to 07
[    0.163512] ACPI: PCI Root Bridge [PCI0] (domain 0000 [bus 00-ff])
[    0.164016] acpi PNP0A03:00: _OSC: OS supports [ASPM ClockPM Segments MSI]
[    0.169128] acpi PNP0A03:00: _OSC: not requesting OS control; OS requires [ExtendedConfig ASPM ClockPM MSI]
[    0.172000] acpi PNP0A03:00: fail to add MMCONFIG information, can't access extended PCI configuration space under this bridge.
[    0.176444] PCI host bridge to bus 0000:00
[    0.177767] pci_bus 0000:00: root bus resource [io  0x0000-0x0cf7 window]
[    0.180000] pci_bus 0000:00: root bus resource [io  0x0d00-0xffff window]
[    0.180009] pci_bus 0000:00: root bus resource [mem 0x000a0000-0x000bffff window]
[    0.184008] pci_bus 0000:00: root bus resource [mem 0x40000000-0xfdffffff window]
[    0.186266] pci_bus 0000:00: root bus resource [bus 00-ff]
[    0.192205] pci 0000:00:01.1: legacy IDE quirk: reg 0x10: [io  0x01f0-0x01f7]
[    0.194203] pci 0000:00:01.1: legacy IDE quirk: reg 0x14: [io  0x03f6]
[    0.196000] pci 0000:00:01.1: legacy IDE quirk: reg 0x18: [io  0x0170-0x0177]
[    0.196007] pci 0000:00:01.1: legacy IDE quirk: reg 0x1c: [io  0x0376]
[    0.231023] pci 0000:00:07.0: quirk: [io  0x4000-0x403f] claimed by PIIX4 ACPI
[    0.232033] pci 0000:00:07.0: quirk: [io  0x4100-0x410f] claimed by PIIX4 SMB
[    0.245595] ACPI: PCI Interrupt Link [LNKA] (IRQs 5 9 10 *11)
[    0.247914] ACPI: PCI Interrupt Link [LNKB] (IRQs 5 9 *10 11)
[    0.248305] ACPI: PCI Interrupt Link [LNKC] (IRQs 5 *9 10 11)
[    0.252202] ACPI: PCI Interrupt Link [LNKD] (IRQs 5 9 10 *11)
[    0.254743] SCSI subsystem initialized
[    0.256121] pci 0000:00:02.0: vgaarb: setting as boot VGA device
[    0.257597] pci 0000:00:02.0: vgaarb: VGA device added: decodes=io+mem,owns=io+mem,locks=none
[    0.260010] pci 0000:00:02.0: vgaarb: bridge control possible
[    0.261684] vgaarb: loaded
[    0.262621] ACPI: bus type USB registered
[    0.264042] usbcore: registered new interface driver usbfs
[    0.265895] usbcore: registered new interface driver hub
[    0.268039] usbcore: registered new device driver usb
[    0.269644] EDAC MC: Ver: 3.0.0
[    0.269658] PCI: Using ACPI for IRQ routing
[    0.272457] NetLabel: Initializing
[    0.273518] NetLabel:  domain hash size = 128
[    0.274830] NetLabel:  protocols = UNLABELED CIPSOv4 CALIPSO
[    0.276031] NetLabel:  unlabeled traffic allowed by default
[    0.277824] clocksource: Switched to clocksource kvm-clock
[    0.300835] VFS: Disk quotas dquot_6.6.0
[    0.302312] VFS: Dquot-cache hash table entries: 512 (order 0, 4096 bytes)
[    0.304727] AppArmor: AppArmor Filesystem Enabled
[    0.306240] pnp: PnP ACPI init
[    0.309085] pnp: PnP ACPI: found 3 devices
[    0.323415] clocksource: acpi_pm: mask: 0xffffff max_cycles: 0xffffff, max_idle_ns: 2085701024 ns
[    0.326188] NET: Registered protocol family 2
[    0.329427] TCP established hash table entries: 8192 (order: 4, 65536 bytes)
[    0.331533] TCP bind hash table entries: 8192 (order: 5, 131072 bytes)
[    0.333879] TCP: Hash tables configured (established 8192 bind 8192)
[    0.336340] UDP hash table entries: 512 (order: 2, 16384 bytes)
[    0.338526] UDP-Lite hash table entries: 512 (order: 2, 16384 bytes)
[    0.341011] NET: Registered protocol family 1
[    0.342571] pci 0000:00:00.0: Limiting direct PCI/PCI transfers
[    0.344365] pci 0000:00:01.0: Activating ISA DMA hang workarounds
[    0.346222] pci 0000:00:02.0: Video device with shadowed ROM at [mem 0x000c0000-0x000dffff]
[    0.348902] Unpacking initramfs...
[    0.921305] Freeing initrd memory: 19148K
[    0.923013] clocksource: tsc: mask: 0xffffffffffffffff max_cycles: 0x1872ad6a0e0, max_idle_ns: 440795244527 ns
[    0.926836] platform rtc_cmos: registered platform RTC device (no PNP device found)
[    0.929867] Scanning for low memory corruption every 60 seconds
[    0.933198] Initialise system trusted keyrings
[    0.934554] Key type blacklist registered
[    0.935905] workingset: timestamp_bits=36 max_order=18 bucket_order=0
[    0.941008] zbud: loaded
[    0.942935] squashfs: version 4.0 (2009/01/31) Phillip Lougher
[    0.945383] fuse init (API version 7.26)
[    0.950842] Key type asymmetric registered
[    0.952420] Asymmetric key parser 'x509' registered
[    0.954057] Block layer SCSI generic (bsg) driver version 0.4 loaded (major 246)
[    0.956399] io scheduler noop registered
[    0.957597] io scheduler deadline registered
[    0.958925] io scheduler cfq registered (default)
[    0.960856] ACPI: AC Adapter [AC] (off-line)
[    0.962225] input: Power Button as /devices/LNXSYSTM:00/LNXPWRBN:00/input/input0
[    0.964588] ACPI: Power Button [PWRF]
[    0.965840] input: Sleep Button as /devices/LNXSYSTM:00/LNXSLPBN:00/input/input1
[    0.968018] ACPI: Sleep Button [SLPF]
[    0.970847] ACPI: Battery Slot [BAT0] (battery present)
[    0.972236] Serial: 8250/16550 driver, 32 ports, IRQ sharing enabled
[    0.996092] 00:02: ttyS0 at I/O 0x3f8 (irq = 4, base_baud = 115200) is a 16550A
[    1.002266] Linux agpgart interface v0.103
[    1.005842] loop: module loaded
[    1.007521] scsi host0: ata_piix
[    1.009044] scsi host1: ata_piix
[    1.010087] ata1: PATA max UDMA/33 cmd 0x1f0 ctl 0x3f6 bmdma 0xd000 irq 14
[    1.011858] ata2: PATA max UDMA/33 cmd 0x170 ctl 0x376 bmdma 0xd008 irq 15
[    1.013821] libphy: Fixed MDIO Bus: probed
[    1.015115] tun: Universal TUN/TAP device driver, 1.6
[    1.016771] PPP generic driver version 2.4.2
[    1.018122] ehci_hcd: USB 2.0 'Enhanced' Host Controller (EHCI) Driver
[    1.020090] ehci-pci: EHCI PCI platform driver
[    1.021491] ehci-platform: EHCI generic platform driver
[    1.023038] ohci_hcd: USB 1.1 'Open' Host Controller (OHCI) Driver
[    1.024915] ohci-pci: OHCI PCI platform driver
[    1.026312] ohci-platform: OHCI generic platform driver
[    1.027848] uhci_hcd: USB Universal Host Controller Interface driver
[    1.029803] i8042: PNP: PS/2 Controller [PNP0303:PS2K,PNP0f03:PS2M] at 0x60,0x64 irq 1,12
[    1.032960] serio: i8042 KBD port at 0x60,0x64 irq 1
[    1.034496] serio: i8042 AUX port at 0x60,0x64 irq 12
[    1.036107] mousedev: PS/2 mouse device common for all mice
[    1.038295] input: AT Translated Set 2 keyboard as /devices/platform/i8042/serio0/input/input2
[    1.041435] rtc_cmos rtc_cmos: rtc core: registered rtc_cmos as rtc0
[    1.043598] rtc_cmos rtc_cmos: alarms up to one day, 114 bytes nvram
[    1.045794] i2c /dev entries driver
[    1.047233] device-mapper: uevent: version 1.0.3
[    1.049139] device-mapper: ioctl: 4.37.0-ioctl (2017-09-20) initialised: dm-devel@redhat.com
[    1.051872] ledtrig-cpu: registered to indicate activity on CPUs
[    1.054651] NET: Registered protocol family 10
[    1.063931] Segment Routing with IPv6
[    1.065410] NET: Registered protocol family 17
[    1.066977] Key type dns_resolver registered
[    1.068921] mce: Using 0 MCE banks
[    1.070073] RAS: Correctable Errors collector initialized.
[    1.072059] sched_clock: Marking stable (1068852726, 0)->(1433813451, -364960725)
[    1.075488] registered taskstats version 1
[    1.076941] Loading compiled-in X.509 certificates
[    1.083552] Loaded X.509 cert 'Build time autogenerated kernel key: 9ff85db0b1f72c0c954e4d2eaca5a9366845820b'
[    1.087030] zswap: loaded using pool lzo/zbud
[    1.095564] Key type big_key registered
[    1.096885] Key type trusted registered
[    1.101664] Key type encrypted registered
[    1.103120] AppArmor: AppArmor sha1 policy hashing enabled
[    1.105058] ima: No TPM chip found, activating TPM-bypass! (rc=-19)
[    1.107165] ima: Allocated hash algorithm: sha1
[    1.108805] evm: HMAC attrs: 0x1
[    1.110441]   Magic number: 15:77:361
[    1.112058] rtc_cmos rtc_cmos: setting system clock to 2019-12-12 03:23:11 UTC (1576120991)
[    1.115120] BIOS EDD facility v0.16 2004-Jun-25, 0 devices found
[    1.117218] EDD information not available.
[    1.187140] Freeing unused kernel image memory: 2436K
[    1.200290] Write protecting the kernel read-only data: 20480k
[    1.203237] Freeing unused kernel image memory: 2008K
[    1.205606] Freeing unused kernel image memory: 1972K
[    1.225475] x86/mm: Checked W+X mappings: passed, no W+X pages found.
[    1.227817] x86/mm: Checking user space page tables
[    1.246707] x86/mm: Checked W+X mappings: passed, no W+X pages found.
Loading, please wait...
starting version 237
[    1.394778] Fusion MPT base driver 3.04.20
[    1.396248] Copyright (c) 1999-2008 LSI Corporation
[    1.413218] AVX2 version of gcm_enc/dec engaged.
[    1.414719] AES CTR mode by8 optimization enabled
[    1.426674] e1000: Intel(R) PRO/1000 Network Driver - version 7.3.21-k8-NAPI
[    1.428851] e1000: Copyright (c) 1999-2006 Intel Corporation.
[    1.458333] Fusion MPT SPI Host driver 3.04.20
[    1.639324] input: ImExPS/2 Generic Explorer Mouse as /devices/platform/i8042/serio1/input/input4
[    1.926047] e1000 0000:00:03.0 eth0: (PCI:33MHz:32-bit) 02:50:d4:3b:43:74
[    1.928327] e1000 0000:00:03.0 eth0: Intel(R) PRO/1000 Network Connection
[    1.933079] mptbase: ioc0: Initiating bringup
[    1.934628] e1000 0000:00:03.0 enp0s3: renamed from eth0
[    2.032490] ioc0: LSI53C1030 A0: Capabilities={Initiator}
[    2.275406] scsi host2: ioc0: LSI53C1030 A0, FwRev=00000000h, Ports=1, MaxQ=256, IRQ=20
[    2.445474] scsi 2:0:0:0: Direct-Access     VBOX     HARDDISK         1.0  PQ: 0 ANSI: 5
[    2.472127] scsi target2:0:0: Beginning Domain Validation
[    2.474923] scsi target2:0:0: Domain Validation skipping write tests
[    2.476713] scsi target2:0:0: Ending Domain Validation
[    2.478224] scsi target2:0:0: asynchronous
[    2.479919] scsi 2:0:1:0: Direct-Access     VBOX     HARDDISK         1.0  PQ: 0 ANSI: 5
[    3.231837] scsi target2:0:1: Beginning Domain Validation
[    3.234771] random: fast init done
[    3.236270] scsi target2:0:1: Domain Validation skipping write tests
[    3.238105] scsi target2:0:1: Ending Domain Validation
[    3.239698] scsi target2:0:1: asynchronous
[    3.246504] random: systemd-udevd: uninitialized urandom read (16 bytes read)
[    3.248662] random: systemd-udevd: uninitialized urandom read (16 bytes read)
[    3.250718] random: systemd-udevd: uninitialized urandom read (16 bytes read)
[    3.253708] sd 2:0:0:0: [sda] 20971520 512-byte logical blocks: (10.7 GB/10.0 GiB)
[    3.256510] sd 2:0:0:0: [sda] Write Protect is off
[    3.258795] sd 2:0:0:0: [sda] Incomplete mode parameter data
[    3.260502] sd 2:0:0:0: [sda] Assuming drive cache: write through
[    3.262387] sd 2:0:0:0: Attached scsi generic sg0 type 0
[    3.265479] sd 2:0:1:0: [sdb] 20480 512-byte logical blocks: (10.5 MB/10.0 MiB)
[    3.266134] sd 2:0:1:0: Attached scsi generic sg1 type 0
[    3.270790] sd 2:0:1:0: [sdb] Write Protect is off
[    3.272957] sd 2:0:1:0: [sdb] Incomplete mode parameter data
[    3.274640] sd 2:0:1:0: [sdb] Assuming drive cache: write through
[    3.284769]  sda: sda1
[    3.288875] sd 2:0:0:0: [sda] Attached SCSI disk
[    3.311630] sd 2:0:1:0: [sdb] Attached SCSI disk
Begin: Loading essential drivers ... [    5.200195] raid6: sse2x1   gen()  4471 MB/s
[    5.248054] raid6: sse2x1   xor()  2828 MB/s
[    5.296458] raid6: sse2x2   gen()  5451 MB/s
[    5.344349] raid6: sse2x2   xor()  3687 MB/s
[    5.392253] raid6: sse2x4   gen()  7691 MB/s
[    5.440168] raid6: sse2x4   xor()  3629 MB/s
[    5.488151] raid6: avx2x1   gen()  8012 MB/s
[    5.536477] raid6: avx2x1   xor()  4414 MB/s
[    5.584861] raid6: avx2x2   gen()  9262 MB/s
[    5.632729] raid6: avx2x2   xor()  4964 MB/s
[    5.680161] raid6: avx2x4   gen() 12917 MB/s
[    5.728070] raid6: avx2x4   xor()  7150 MB/s
[    5.729418] raid6: using algorithm avx2x4 gen() 12917 MB/s
[    5.731016] raid6: .... xor() 7150 MB/s, rmw enabled
[    5.732550] raid6: using avx2x2 recovery algorithm
[    5.736436] xor: automatically using best checksumming function   avx       
[    5.740849] async_tx: api initialized (async)
done.
Begin: Running /scripts/init-premount ... done.
Begin: Mounting root file system ... Begin: Running /scripts/local-top ... done.
Begin: Running /scripts/local-premount ... [    5.833861] Btrfs loaded, crc32c=crc32c-intel
Scanning for Btrfs filesystems
done.
Warning: fsck not present, so skipping root file system
[    5.957107] EXT4-fs (sda1): mounted filesystem with ordered data mode. Opts: (null)
done.
Begin: Running /scripts/local-bottom ... done.
Begin: Running /scripts/init-bottom ... done.
[    7.821058] ip_tables: (C) 2000-2006 Netfilter Core Team
[    7.871137] random: crng init done
[    7.872694] random: 7 urandom warning(s) missed due to ratelimiting
[    7.978668] systemd[1]: systemd 237 running in system mode. (+PAM +AUDIT +SELINUX +IMA +APPARMOR +SMACK +SYSVINIT +UTMP +LIBCRYPTSETUP +GCRYPT +GNUTLS +ACL +XZ +LZ4 +SECCOMP +BLKID +ELFUTILS +KMOD -IDN2 +IDN -PCRE2 default-hierarchy=hybrid)
[    7.986174] systemd[1]: Detected virtualization oracle.
[    7.987904] systemd[1]: Detected architecture x86-64.

Welcome to [1mUbuntu 18.04.3 LTS[0m!

[    8.029144] systemd[1]: Set hostname to <ubuntu>.
[    8.116912] systemd[1]: Initializing machine ID from random generator.
[    8.118892] systemd[1]: Installed transient /etc/machine-id file.
[   10.255952] systemd[1]: Created slice System Slice.
[[0;32m  OK  [0m] Created slice System Slice.
[   10.259383] systemd[1]: Listening on LVM2 poll daemon socket.
[[0;32m  OK  [0m] Listening on LVM2 poll daemon socket.
[   10.262794] systemd[1]: Listening on Network Service Netlink Socket.
[[0;32m  OK  [0m] Listening on Network Service Netlink Socket.
[   10.266792] systemd[1]: Listening on Journal Audit Socket.
[[0;32m  OK  [0m] Listening on Journal Audit Socket.
[[0;32m  OK  [0m] Started Forward Password Requests to Wall Directory Watch.
[[0;32m  OK  [0m] Reached target Swap.
[[0;32m  OK  [0m] Listening on Journal Socket (/dev/log).
[[0;32m  OK  [0m] Listening on LVM2 metadata daemon socket.
[[0;32m  OK  [0m] Listening on udev Control Socket.
[[0;32m  OK  [0m] Listening on Syslog Socket.
[[0;32m  OK  [0m] Listening on udev Kernel Socket.
[[0;32m  OK  [0m] Created slice system-serial\x2dgetty.slice.
[[0;32m  OK  [0m] Listening on /dev/initctl Compatibility Named Pipe.
[[0;32m  OK  [0m] Reached target System Time Synchronized.
[[0;32m  OK  [0m] Created slice User and Session Slice.
[[0;32m  OK  [0m] Reached target Slices.
[[0;32m  OK  [0m] Reached target User and Group Name Lookups.
[[0;32m  OK  [0m] Listening on Journal Socket.
         Starting Create list of required st…ce nodes for the current kernel...
         Starting Load Kernel Modules...
         Starting Remount Root and Kernel File Systems...
         Starting Set the console keyboard layout...
         Starting udev Coldplug all Devices...
         Starting Journal Service...
         Mounting Huge Pages File System...
         Starting Uncomplicated firewall...
[[0;32m  OK  [0m] Listening on Device-mapper event daemon FIFOs.
         Starting Monitoring of LVM2 mirrors…ng dmeventd or progress polling...
         Mounting Kernel Debug File System...
[[0;32m  OK  [0m] Set up automount Arbitrary Executab…rmats File System Automount Point.
         Mounting POSIX Message Queue File System...
[[0;32m  OK  [0m] Started Uncomplicated firewall.
[[0;32m  OK  [0m] Started udev Coldplug all Devices.
[[0;32m  OK  [0m] Started Create list of required sta…vice nodes for the current kernel.
         Starting Create Static Device Nodes in /dev...
[   10.955198] Loading iSCSI transport class v2.0-870.
[[0;32m  OK  [0m] Mounted Huge Pag[   10.978166] EXT4-fs (sda1): re-mounted. Opts: (null)
es File System.
[[0;32m  OK  [0m] Started Remount Root and Kernel File Systems.
[[0;32m  OK  [0m] Mounted Kernel Debug File System.
[[0;32m  OK  [0m] Mounted POSIX Message Queue File System.
[   11.145138] iscsi: registered transport (tcp)
         Starting Load/Save Random Seed...
[[0;32m  OK  [0m] Started Journal Service.
         Starting Flush Journal to Persistent Storage...
[   11.436085] systemd-journald[384]: Received request to flush runtime journal from PID 1
[[0;32m  OK  [0m] Started Set the console keyboard layout.
[   11.634844] iscsi: registered transport (iser)
[[0;32m  OK  [0m] Started Load Kernel Modules.
         Starting Apply Kernel Variables...
         Mounting Kernel Configuration File System...
         Mounting FUSE Control File System...
[[0;32m  OK  [0m] Mounted Kernel Configuration File System.
[[0;32m  OK  [0m] Mounted FUSE Control File System.
[[0;32m  OK  [0m] Started Load/Save Random Seed.
[[0;32m  OK  [0m] Started Create Static Device Nodes in /dev.
         Starting udev Kernel Device Manager...
[[0;32m  OK  [0m] Started Flush Journal to Persistent Storage.
[[0;32m  OK  [0m] Started LVM2 metadata daemon.
[[0;32m  OK  [0m] Started Apply Kernel Variables.
[[0;32m  OK  [0m] Started Monitoring of LVM2 mirrors,…sing dmeventd or progress polling.
[[0;32m  OK  [0m] Reached target Local File Systems (Pre).
[[0;32m  OK  [0m] Reached target Local File Systems.
         Starting AppArmor initialization...
         Starting Tell Plymouth To Write Out Runtime Data...
         Starting Commit a transient machine-id on disk...
         Starting Create Volatile Files and Directories...
         Starting Set console font and keymap...
         Starting ebtables ruleset management...
[[0;32m  OK  [0m] Started udev Kernel Device Manager.
[[0;32m  OK  [0m] Started Dispatch Password Requests to Console Directory Watch.
[[0;32m  OK  [0m] Reached target Local Encrypted Volumes.
[[0;32m  OK  [0m] Started Tell Plymouth To Write Out Runtime Data.
[[0;32m  OK  [0m] Started Set console font and keymap.
[[0;32m  OK  [0m] Started Create Volatile Files and Directories.
         Starting Update UTMP about System Boot/Shutdown...
[[0;32m  OK  [0m] Started Commit a transient machine-id on disk.
[[0;32m  OK  [0m] Started Update UTMP about System Boot/Shutdown.
[[0;32m  OK  [0m] Started ebtables ruleset management.
[[0;32m  OK  [0m] Found device /dev/ttyS0.
[[0;32m  OK  [0m] Listening on Load/Save RF Kill Switch Status /dev/rfkill Watch.
[[0;32m  OK  [0m] Started AppArmor initialization.
         Starting Initial cloud-init job (pre-networking)...
[   22.708169] cloud-init[536]: Cloud-init v. 19.2-24-ge7881d5c-0ubuntu1~18.04.1 running 'init-local' at Thu, 12 Dec 2019 03:23:31 +0000. Up 21.49 seconds.
[[0;32m  OK  [0m] Started Initial cloud-init job (pre-networking).
[[0;32m  OK  [0m] Reached target Network (Pre).
         Starting Network Service...
[[0;32m  OK  [0m] Started Network Service.
         Starting Network Name Resolution...
         Starting Wait for Network to be Configured...
[[0;32m  OK  [0m] Started Network Name Resolution.
[[0;32m  OK  [0m] Reached target Network.
[[0;32m  OK  [0m] Reached target Host and Network Name Lookups.
[[0;32m  OK  [0m] Started Wait for Network to be Configured.
         Starting Initial cloud-init job (metadata service crawler)...
[   25.875638] cloud-init[655]: Cloud-init v. 19.2-24-ge7881d5c-0ubuntu1~18.04.1 running 'init' at Thu, 12 Dec 2019 03:23:35 +0000. Up 25.49 seconds.
[   25.878520] cloud-init[655]: ci-info: ++++++++++++++++++++++++++++++++++++++Net device info++++++++++++++++++++++++++++++++++++++
[   25.893131] cloud-init[655]: ci-info: +--------+------+----------------------------+---------------+--------+-------------------+
[   25.895511] cloud-init[655]: ci-info: | Device |  Up  |          Address           |      Mask     | Scope  |     Hw-Address    |
[   25.898225] cloud-init[655]: ci-info: +--------+------+----------------------------+---------------+--------+-------------------+
[   25.900786] cloud-init[655]: ci-info: | enp0s3 | True |         10.0.2.15          | 255.255.255.0 | global | 02:50:d4:3b:43:74 |
[   25.903225] cloud-init[655]: ci-info: | enp0s3 | True | fe80::50:d4ff:fe3b:4374/64 |       .       |  link  | 02:50:d4:3b:43:74 |
[   25.906628] cloud-init[655]: ci-info: |   lo   | True |         127.0.0.1          |   255.0.0.0   |  host  |         .         |
[   25.909170] cloud-init[655]: ci-info: |   lo   | True |          ::1/128           |       .       |  host  |         .         |
[   25.911825] cloud-init[655]: ci-info: +--------+------+----------------------------+---------------+--------+-------------------+
[   25.914477] cloud-init[655]: ci-info: ++++++++++++++++++++++++++++Route IPv4 info+++++++++++++++++++++++++++++
[   25.916742] cloud-init[655]: ci-info: +-------+-------------+----------+-----------------+-----------+-------+
[   25.919081] cloud-init[655]: ci-info: | Route | Destination | Gateway  |     Genmask     | Interface | Flags |
[   25.921407] cloud-init[655]: ci-info: +-------+-------------+----------+-----------------+-----------+-------+
[   25.923682] cloud-init[655]: ci-info: |   0   |   0.0.0.0   | 10.0.2.2 |     0.0.0.0     |   enp0s3  |   UG  |
[   25.925987] cloud-init[655]: ci-info: |   1   |   10.0.2.0  | 0.0.0.0  |  255.255.255.0  |   enp0s3  |   U   |
[   25.928139] cloud-init[655]: ci-info: |   2   |   10.0.2.2  | 0.0.0.0  | 255.255.255.255 |   enp0s3  |   UH  |
[   25.930227] cloud-init[655]: ci-info: +-------+-------------+----------+-----------------+-----------+-------+
[   25.932199] cloud-init[655]: ci-info: +++++++++++++++++++Route IPv6 info+++++++++++++++++++
[   25.934562] cloud-init[655]: ci-info: +-------+-------------+---------+-----------+-------+
[   25.936325] cloud-init[655]: ci-info: | Route | Destination | Gateway | Interface | Flags |
[   25.937899] cloud-init[655]: ci-info: +-------+-------------+---------+-----------+-------+
[   25.940957] cloud-init[655]: ci-info: |   1   |  fe80::/64  |    ::   |   enp0s3  |   U   |
[   25.943173] cloud-init[655]: ci-info: |   3   |    local    |    ::   |   enp0s3  |   U   |
[   25.945460] cloud-init[655]: ci-info: |   4   |   ff00::/8  |    ::   |   enp0s3  |   U   |
[   25.947673] cloud-init[655]: ci-info: +-------+-------------+---------+-----------+-------+
[   29.921634] cloud-init[655]: Generating public/private rsa key pair.
[   29.924584] cloud-init[655]: Your identification has been saved in /etc/ssh/ssh_host_rsa_key.
[   29.928358] cloud-init[655]: Your public key has been saved in /etc/ssh/ssh_host_rsa_key.pub.
[   29.930743] cloud-init[655]: The key fingerprint is:
[   29.932097] cloud-init[655]: SHA256:Fnh+7bQoulmlb2laZY+Y7KcBo/0sDXn8bGBOPRkgRGA root@ubuntu-bionic
[   29.934509] cloud-init[655]: The key's randomart image is:
[   29.935893] cloud-init[655]: +---[RSA 2048]----+
[   29.937117] cloud-init[655]: |      E+o        |
[   29.938306] cloud-init[655]: |     . .. .      |
[   29.939688] cloud-init[655]: |      . o. .     |
[   29.940920] cloud-init[655]: |       o . ..    |
[   29.942149] cloud-init[655]: |        Soo.=o   |
[   29.943334] cloud-init[655]: |       +oB*O++   |
[   29.944641] cloud-init[655]: |      . =BB=+..  |
[   29.945860] cloud-init[655]: |       +.B*.=    |
[   29.947087] cloud-init[655]: |      +..=*+     |
[   29.948380] cloud-init[655]: +----[SHA256]-----+
[   29.949560] cloud-init[655]: Generating public/private dsa key pair.
[   29.952088] cloud-init[655]: Your identification has been saved in /etc/ssh/ssh_host_dsa_key.
[   29.955831] cloud-init[655]: Your public key has been saved in /etc/ssh/ssh_host_dsa_key.pub.
[   29.959097] cloud-init[655]: The key fingerprint is:
[   29.960535] cloud-init[655]: SHA256:gaHoK7jWVN5hq9JsX+DhRodv6nvqpLjwmc7gQpscOyA root@ubuntu-bionic
[   29.963681] cloud-init[655]: The key's randomart image is:
[   29.966047] cloud-init[655]: +---[DSA 1024]----+
[   29.968135] cloud-init[655]: |      .          |
[   29.970930] cloud-init[655]: |   . . o         |
[   29.972897] cloud-init[655]: |  . . . .        |
[   29.974747] cloud-init[655]: | .   . o..       |
[   29.976103] cloud-init[655]: |  . o o=S.       |
[   29.977548] cloud-init[655]: |Eo o .+o=        |
[   29.978963] cloud-init[655]: |BoO o .= +       |
[   29.980572] cloud-init[655]: |oX=o+=+ +.       |
[   29.981955] cloud-init[655]: |+.oO+.+B+        |
[   29.983435] cloud-init[655]: +----[SHA256]-----+
[   29.984823] cloud-init[655]: Generating public/private ecdsa key pair.
[   29.986638] cloud-init[655]: Your identification has been saved in /etc/ssh/ssh_host_ecdsa_key.
[   29.988939] cloud-init[655]: Your public key has been saved in /etc/ssh/ssh_host_ecdsa_key.pub.
[   29.992567] cloud-init[655]: The key fingerprint is:
[   29.993932] cloud-init[655]: SHA256:9zRhimxm9ziRcMUTB0nNo4HfnzozAMk+qpjXk9JIzMo root@ubuntu-bionic
[   29.996872] cloud-init[655]: The key's randomart image is:
[   29.999145] cloud-init[655]: +---[ECDSA 256]---+
[   30.001118] cloud-init[655]: |           +=*.  |
[   30.002581] cloud-init[655]: |          ..=.+  |
[   30.003864] cloud-init[655]: |        o o.o= . |
[   30.005408] cloud-init[655]: |       . B +o..  |
[   30.007659] cloud-init[655]: |    o   S B o  ..|
[   30.009350] cloud-init[655]: |     + + = B . ..|
[   30.011288] cloud-init[655]: |  . o + o + + .  |
[   30.013128] cloud-init[655]: |   Eo+ *   . =   |
[   30.014551] cloud-init[655]: |   o..o .     +  |
[   30.016372] cloud-init[655]: +----[SHA256]-----+
[   30.017593] cloud-init[655]: Generating public/private ed25519 key pair.
[   30.019267] cloud-init[655]: Your identification has been saved in /etc/ssh/ssh_host_ed25519_key.
[   30.021438] cloud-init[655]: Your public key has been saved in /etc/ssh/ssh_host_ed25519_key.pub.
[   30.023640] cloud-init[655]: The key fingerprint is:
[   30.025132] cloud-init[655]: SHA256:muNuUn0tE4GjaSJva7Z4eK9up70xf0egOpAepmmbQGA root@ubuntu-bionic
[   30.027283] cloud-init[655]: The key's randomart image is:
[   30.028629] cloud-init[655]: +--[ED25519 256]--+
[   30.030475] cloud-init[655]: |         .       |
[   30.031723] cloud-init[655]: |        o .      |
[   30.033017] cloud-init[655]: |.E     o . .     |
[   30.034195] cloud-init[655]: |o . . +   o      |
[   30.035346] cloud-init[655]: | . o + .S. +     |
[   30.036471] cloud-init[655]: |.   B .oo + o    |
[   30.037586] cloud-init[655]: |.  B =*. . +     |
[   30.038683] cloud-init[655]: | .=oXo==  . .    |
[   30.039901] cloud-init[655]: | .+O=X*o.. .     |
[   30.041196] cloud-init[655]: +----[SHA256]-----+
[[0;32m  OK  [0m] Started Initial cloud-init job (metadata service crawler).
[[0;32m  OK  [0m] Reached target Cloud-config availability.
[[0;32m  OK  [0m] Reached target System Initialization.
[[0;32m  OK  [0m] Listening on UUID daemon activation socket.
[[0;32m  OK  [0m] Listening on Open-iSCSI iscsid Socket.
[[0;32m  OK  [0m] Started Daily Cleanup of Temporary Directories.
         Starting Socket activation for snappy daemon.
[[0;32m  OK  [0m] Started Daily apt download activities.
         Starting LXD - unix socket.
[[0;32m  OK  [0m] Started Discard unused blocks once a week.
[[0;32m  OK  [0m] Started ACPI Events Check.
[[0;32m  OK  [0m] Reached target Paths.
[[0;32m  OK  [0m] Started Daily apt upgrade and clean activities.
[[0;32m  OK  [0m] Listening on D-Bus System Message Bus Socket.
[[0;32m  OK  [0m] Started Message of the Day.
[[0;32m  OK  [0m] Reached target Timers.
[[0;32m  OK  [0m] Listening on ACPID Listen Socket.
[[0;32m  OK  [0m] Reached target Network is Online.
         Starting Availability of block devices...
[[0;32m  OK  [0m] Reached target Remote File Systems (Pre).
[[0;32m  OK  [0m] Reached target Remote File Systems.
[[0;32m  OK  [0m] Listening on Socket activation for snappy daemon.
[[0;32m  OK  [0m] Listening on LXD - unix socket.
[[0;32m  OK  [0m] Reached target Sockets.
[[0;32m  OK  [0m] Reached target Basic System.
[[0;32m  OK  [0m] Started Deferred execution scheduler.
         Starting Dispatcher daemon for systemd-networkd...
[[0;32m  OK  [0m] Started FUSE filesystem for LXC.
         Starting Login Service...
         Starting Permit User Sessions...
         Starting Pollinate to seed the pseudo random number generator...
         Starting Snappy daemon...
[[0;32m  OK  [0m] Started D-Bus System Message Bus.
[[0;32m  OK  [0m] Started Login Service.
[[0;32m  OK  [0m] Started Unattended Upgrades Shutdown.
         Starting Virtualbox guest utils...
         Starting LSB: Record successful boot for GRUB...
[[0;32m  OK  [0m] Started irqbalance daemon.
         Starting LXD - container startup/shutdown...
[[0;32m  OK  [0m] Started Regular background program processing daemon.
         Starting LSB: automatic crash report generation...
         Starting Accounts Service...
         Starting System Logging Service...
[[0;32m  OK  [0m] Started Availability of block devices.
[[0;32m  OK  [0m] Started Permit User Sessions.
         Starting Terminate Plymouth Boot Screen...
         Starting Hold until boot process finishes up...
[[0;32m  OK  [0m] Started Hold until boot process finishes up.
         Starting Set console scheme...
[[0;32m  OK  [0m] Started Serial Getty on ttyS0.
[[0;32m  OK  [0m] Started Terminate Plymouth Boot Screen.
[[0;32m  OK  [0m] Started Set console scheme.
[[0;32m  OK  [0m] Created slice system-getty.slice.
[[0;32m  OK  [0m] Started Getty on tty1.
[[0;32m  OK  [0m] Reached target Login Prompts.
[[0;32m  OK  [0m] Started LSB: automatic crash report generation.
[[0;32m  OK  [0m] Started LSB: Record successful boot for GRUB.
[[0;32m  OK  [0m] Started System Logging Service.
         Starting Authorization Manager...
[[0;32m  OK  [0m] Started Virtualbox guest utils.
[[0;32m  OK  [0m] Started Authorization Manager.
[[0;32m  OK  [0m] Started Accounts Service.
[[0;32m  OK  [0m] Started Dispatcher daemon for systemd-networkd.

Ubuntu 18.04.3 LTS ubuntu-bionic ttyS0

ubuntu-bionic login: [   60.452164] cloud-init[1546]: Cloud-init v. 19.2-24-ge7881d5c-0ubuntu1~18.04.1 running 'modules:config' at Thu, 12 Dec 2019 03:24:07 +0000. Up 56.78 seconds.
ci-info: no authorized ssh keys fingerprints found for user ubuntu.
<14>Dec 12 03:24:12 ec2: 
<14>Dec 12 03:24:12 ec2: #############################################################
<14>Dec 12 03:24:12 ec2: -----BEGIN SSH HOST KEY FINGERPRINTS-----
<14>Dec 12 03:24:12 ec2: 1024 SHA256:gaHoK7jWVN5hq9JsX+DhRodv6nvqpLjwmc7gQpscOyA root@ubuntu-bionic (DSA)
<14>Dec 12 03:24:12 ec2: 256 SHA256:9zRhimxm9ziRcMUTB0nNo4HfnzozAMk+qpjXk9JIzMo root@ubuntu-bionic (ECDSA)
<14>Dec 12 03:24:12 ec2: 256 SHA256:muNuUn0tE4GjaSJva7Z4eK9up70xf0egOpAepmmbQGA root@ubuntu-bionic (ED25519)
<14>Dec 12 03:24:12 ec2: 2048 SHA256:Fnh+7bQoulmlb2laZY+Y7KcBo/0sDXn8bGBOPRkgRGA root@ubuntu-bionic (RSA)
<14>Dec 12 03:24:12 ec2: -----END SSH HOST KEY FINGERPRINTS-----
<14>Dec 12 03:24:12 ec2: #############################################################
-----BEGIN SSH HOST KEY KEYS-----
ecdsa-sha2-nistp256 AAAAE2VjZHNhLXNoYTItbmlzdHAyNTYAAAAIbmlzdHAyNTYAAABBBEzbFGzDb+qYqbpl36WYXmvb7S/nEoUWAxoY6RrDxGRCv4nl8TXdYG+A6L78XNrdfKoLxjP3ppbet8bM8kCAjEM= root@ubuntu-bionic
ssh-ed25519 AAAAC3NzaC1lZDI1NTE5AAAAIN/NeC3q9yIROem8aDZxUUqZ1/trrWazbCfbUVrRu7EN root@ubuntu-bionic
ssh-rsa AAAAB3NzaC1yc2EAAAADAQABAAABAQCyHQ/7M+6b/h/3jUA/vvJzK7lE17n7Kd4da1g9c6o98mB2M73yF0vOOkeFyFClmxiK86GaqUtdBvDPWf4FRaxfuUdP2UhIXEq5H8I+xSrVHHF1k+XCwqQBt3AzU+m3rIpDXgSJ/0LwAclo/KzJFuGQ6FQNcy+w511wUXyjQCQND7SfWx2g3FWkZNAM9tzDg9DLsAK255piuy3xUL47EQxZMcQwbAnThblusS7QK/WzLz7q3qkNi5a15xusq00Izl5QUL8Qd/Om7SGV5oD7frbl9UleP6NQ8X4QNvcdP3FHyEzgnc8+Wp+BsBw+6sU6OqfAm7DArXOT3Kt42RoyJCU9 root@ubuntu-bionic
-----END SSH HOST KEY KEYS-----
[   61.860191] cloud-init[1690]: Cloud-init v. 19.2-24-ge7881d5c-0ubuntu1~18.04.1 running 'modules:final' at Thu, 12 Dec 2019 03:24:11 +0000. Up 61.47 seconds.
[   61.860698] cloud-init[1690]: ci-info: no authorized ssh keys fingerprints found for user ubuntu.
[   61.861654] cloud-init[1690]: Cloud-init v. 19.2-24-ge7881d5c-0ubuntu1~18.04.1 finished at Thu, 12 Dec 2019 03:24:12 +0000. Datasource DataSourceNoCloud [seed=/dev/sdb][dsmode=net].  Up 61.84 seconds
